000 (375906.000.000) 2025-02-26 13:03:50 Job submitted from host: <192.168.0.102:9618?addrs=192.168.0.102-9618&alias=submitter&noUDP&sock=schedd_4045053_7bc0>
...
001 (375906.000.000) 2025-02-26 13:03:50 Job executing on host: <192.168.0.124:9618?addrs=192.168.0.124-9618&alias=node124.di.rm1&noUDP&sock=startd_2143_7f8b>
...
006 (375906.000.000) 2025-02-26 13:03:54 Image size of job updated: 5104392
	0  -  MemoryUsage of job (MB)
	0  -  ResidentSetSize of job (KB)
...
005 (375906.000.000) 2025-02-26 13:03:54 Job terminated.
	(1) Normal termination (return value 0)
		Usr 0 00:00:03, Sys 0 00:00:00  -  Run Remote Usage
		Usr 0 00:00:00, Sys 0 00:00:00  -  Run Local Usage
		Usr 0 00:00:03, Sys 0 00:00:00  -  Total Remote Usage
		Usr 0 00:00:00, Sys 0 00:00:00  -  Total Local Usage
	0  -  Run Bytes Sent By Job
	0  -  Run Bytes Received By Job
	0  -  Total Bytes Sent By Job
	0  -  Total Bytes Received By Job
	Partitionable Resources :    Usage  Request Allocated Assigned
	   Cpus                 :                 1         1 
	   Disk (KB)            :      750      750    499124 
	   Gpus (Average)       :                 1         1 "GPU-d878a05a"
	   Memory (MB)          :        0        1       128 

	Job terminated of its own accord at 2025-02-26T13:03:54Z with exit-code 0.
...
000 (375911.000.000) 2025-02-26 13:08:51 Job submitted from host: <192.168.0.102:9618?addrs=192.168.0.102-9618&alias=submitter&noUDP&sock=schedd_4045053_7bc0>
...
001 (375911.000.000) 2025-02-26 13:08:51 Job executing on host: <192.168.0.124:9618?addrs=192.168.0.124-9618&alias=node124.di.rm1&noUDP&sock=startd_2143_7f8b>
...
006 (375911.000.000) 2025-02-26 13:08:51 Image size of job updated: 750
	0  -  MemoryUsage of job (MB)
	0  -  ResidentSetSize of job (KB)
...
005 (375911.000.000) 2025-02-26 13:08:52 Job terminated.
	(1) Normal termination (return value 0)
		Usr 0 00:00:00, Sys 0 00:00:00  -  Run Remote Usage
		Usr 0 00:00:00, Sys 0 00:00:00  -  Run Local Usage
		Usr 0 00:00:00, Sys 0 00:00:00  -  Total Remote Usage
		Usr 0 00:00:00, Sys 0 00:00:00  -  Total Local Usage
	0  -  Run Bytes Sent By Job
	0  -  Run Bytes Received By Job
	0  -  Total Bytes Sent By Job
	0  -  Total Bytes Received By Job
	Partitionable Resources :    Usage  Request Allocated Assigned
	   Cpus                 :                 1         1 
	   Disk (KB)            :      750      750    499124 
	   Gpus (Average)       :                 1         1 "GPU-d878a05a"
	   Memory (MB)          :        0        1       128 

	Job terminated of its own accord at 2025-02-26T13:08:51Z with exit-code 0.
...
000 (375929.000.000) 2025-02-26 14:07:29 Job submitted from host: <192.168.0.102:9618?addrs=192.168.0.102-9618&alias=submitter&noUDP&sock=schedd_4045053_7bc0>
...
001 (375929.000.000) 2025-02-26 14:07:29 Job executing on host: <192.168.0.124:9618?addrs=192.168.0.124-9618&alias=node124.di.rm1&noUDP&sock=startd_2143_7f8b>
...
006 (375929.000.000) 2025-02-26 14:07:29 Image size of job updated: 3576
	1  -  MemoryUsage of job (MB)
	408  -  ResidentSetSize of job (KB)
...
005 (375929.000.000) 2025-02-26 14:07:29 Job terminated.
	(1) Normal termination (return value 0)
		Usr 0 00:00:00, Sys 0 00:00:00  -  Run Remote Usage
		Usr 0 00:00:00, Sys 0 00:00:00  -  Run Local Usage
		Usr 0 00:00:00, Sys 0 00:00:00  -  Total Remote Usage
		Usr 0 00:00:00, Sys 0 00:00:00  -  Total Local Usage
	0  -  Run Bytes Sent By Job
	0  -  Run Bytes Received By Job
	0  -  Total Bytes Sent By Job
	0  -  Total Bytes Received By Job
	Partitionable Resources :    Usage  Request Allocated Assigned
	   Cpus                 :                 1         1 
	   Disk (KB)            :      750      750    499124 
	   Gpus (Average)       :                 1         1 "GPU-82f22f7a"
	   Memory (MB)          :        1        1       128 

	Job terminated of its own accord at 2025-02-26T14:07:29Z with exit-code 0.
...
000 (375930.000.000) 2025-02-26 14:07:44 Job submitted from host: <192.168.0.102:9618?addrs=192.168.0.102-9618&alias=submitter&noUDP&sock=schedd_4045053_7bc0>
...
001 (375930.000.000) 2025-02-26 14:07:49 Job executing on host: <192.168.0.124:9618?addrs=192.168.0.124-9618&alias=node124.di.rm1&noUDP&sock=startd_2143_7f8b>
...
006 (375930.000.000) 2025-02-26 14:07:53 Image size of job updated: 73292
	1  -  MemoryUsage of job (MB)
	452  -  ResidentSetSize of job (KB)
...
005 (375930.000.000) 2025-02-26 14:07:53 Job terminated.
	(1) Normal termination (return value 0)
		Usr 0 00:00:03, Sys 0 00:00:00  -  Run Remote Usage
		Usr 0 00:00:00, Sys 0 00:00:00  -  Run Local Usage
		Usr 0 00:00:03, Sys 0 00:00:00  -  Total Remote Usage
		Usr 0 00:00:00, Sys 0 00:00:00  -  Total Local Usage
	0  -  Run Bytes Sent By Job
	0  -  Run Bytes Received By Job
	0  -  Total Bytes Sent By Job
	0  -  Total Bytes Received By Job
	Partitionable Resources :    Usage  Request Allocated Assigned
	   Cpus                 :                 1         1 
	   Disk (KB)            :      750      750    499124 
	   Gpus (Average)       :                 1         1 "GPU-82f22f7a"
	   Memory (MB)          :        1        1       128 

	Job terminated of its own accord at 2025-02-26T14:07:53Z with exit-code 0.
...
